01-12-2025 12:24:32 INFO  TC_01_AccountRegistration:24 - *** Starting TC_01_AccountRegistration ***
01-12-2025 12:24:33 INFO  TC_01_AccountRegistration:29 - Clicked on MyAccount
01-12-2025 12:24:35 INFO  TC_01_AccountRegistration:32 - Clicked on Register
01-12-2025 12:24:39 INFO  TC_01_AccountRegistration:41 - Page Scrolled
01-12-2025 12:24:44 INFO  TC_01_AccountRegistration:50 - Validating account created text
01-12-2025 12:24:46 INFO  TC_01_AccountRegistration:54 - Test Case Passed
01-12-2025 12:25:06 INFO  TC_02_Login:16 - *** Starting TC_02_Login ***
01-12-2025 12:25:06 INFO  TC_02_Login:20 - Clicked on MyAccount
01-12-2025 12:25:07 INFO  TC_02_Login:23 - Clicked on Register
01-12-2025 12:25:10 INFO  TC_02_Login:31 - Page Scrolled
01-12-2025 12:25:13 INFO  TC_02_Login:38 - Validating My Account text
01-12-2025 12:25:13 INFO  TC_02_Login:42 - Test Case Passed
01-12-2025 14:27:35 INFO  TC_01_AccountRegistration:24 - *** Starting TC_01_AccountRegistration ***
01-12-2025 14:27:35 INFO  TC_01_AccountRegistration:29 - Clicked on MyAccount
01-12-2025 14:27:36 INFO  TC_01_AccountRegistration:32 - Clicked on Register
01-12-2025 14:27:38 INFO  TC_01_AccountRegistration:41 - Page Scrolled
01-12-2025 14:27:42 INFO  TC_01_AccountRegistration:50 - Validating account created text
01-12-2025 14:27:44 INFO  TC_01_AccountRegistration:54 - Test Case Passed
01-12-2025 14:27:59 INFO  TC_02_Login:16 - *** Starting TC_02_Login ***
01-12-2025 14:27:59 INFO  TC_02_Login:20 - Clicked on MyAccount
01-12-2025 14:27:59 INFO  TC_02_Login:23 - Clicked on Register
01-12-2025 14:28:03 INFO  TC_02_Login:31 - Page Scrolled
01-12-2025 14:28:06 INFO  TC_02_Login:38 - Validating My Account text
01-12-2025 14:28:06 INFO  TC_02_Login:42 - Test Case Passed
01-12-2025 14:58:17 INFO  TC_02_Login:16 - *** Starting TC_02_Login ***
01-12-2025 14:58:19 INFO  TC_02_Login:20 - Clicked on MyAccount
01-12-2025 14:58:20 INFO  TC_02_Login:23 - Clicked on Login
01-12-2025 14:58:20 INFO  TC_02_Login:16 - *** Starting TC_02_Login ***
01-12-2025 14:58:20 INFO  TC_02_Login:20 - Clicked on MyAccount
01-12-2025 14:58:21 INFO  TC_02_Login:23 - Clicked on Login
01-12-2025 14:58:21 INFO  TC_02_Login:16 - *** Starting TC_02_Login ***
01-12-2025 14:58:21 INFO  TC_02_Login:20 - Clicked on MyAccount
01-12-2025 14:58:21 INFO  TC_02_Login:23 - Clicked on Login
01-12-2025 14:58:22 INFO  TC_02_Login:16 - *** Starting TC_02_Login ***
01-12-2025 14:58:22 INFO  TC_02_Login:20 - Clicked on MyAccount
01-12-2025 14:58:22 INFO  TC_02_Login:23 - Clicked on Login
01-12-2025 14:59:59 INFO  TC_01_AccountRegistration:24 - *** Starting TC_01_AccountRegistration ***
01-12-2025 14:59:59 INFO  TC_01_AccountRegistration:29 - Clicked on MyAccount
01-12-2025 15:00:00 INFO  TC_01_AccountRegistration:32 - Clicked on Register
01-12-2025 15:00:02 INFO  TC_01_AccountRegistration:41 - Page Scrolled
01-12-2025 15:00:06 INFO  TC_01_AccountRegistration:50 - Validating account created text
01-12-2025 15:00:10 INFO  TC_01_AccountRegistration:54 - Test Case Passed
01-12-2025 15:00:22 INFO  TC_02_Login:16 - *** Starting TC_02_Login ***
01-12-2025 15:00:22 INFO  TC_02_Login:20 - Clicked on MyAccount
01-12-2025 15:00:22 INFO  TC_02_Login:23 - Clicked on Login
01-12-2025 15:00:26 INFO  TC_02_Login:31 - Page Scrolled
01-12-2025 15:00:29 INFO  TC_02_Login:38 - Validating My Account text
01-12-2025 15:00:29 INFO  TC_02_Login:42 - Test Case Passed
01-12-2025 19:22:03 INFO  TC_01_AccountRegistration:24 - *** Starting TC_01_AccountRegistration ***
01-12-2025 19:22:05 INFO  TC_01_AccountRegistration:24 - *** Starting TC_01_AccountRegistration ***
01-12-2025 19:22:05 INFO  TC_01_AccountRegistration:29 - Clicked on MyAccount
01-12-2025 19:22:06 INFO  TC_01_AccountRegistration:32 - Clicked on Register
01-12-2025 19:22:08 INFO  TC_01_AccountRegistration:41 - Page Scrolled
01-12-2025 19:22:12 INFO  TC_01_AccountRegistration:50 - Validating account created text
01-12-2025 19:22:15 INFO  TC_01_AccountRegistration:54 - Test Case Passed
01-12-2025 19:22:30 INFO  TC_02_Login:16 - *** Starting TC_02_Login ***
01-12-2025 19:22:30 INFO  TC_02_Login:20 - Clicked on MyAccount
01-12-2025 19:22:30 INFO  TC_02_Login:23 - Clicked on Login
01-12-2025 19:22:33 INFO  TC_02_Login:31 - Page Scrolled
01-12-2025 19:22:37 INFO  TC_02_Login:38 - Validating My Account text
01-12-2025 19:22:37 INFO  TC_02_Login:42 - Test Case Passed
01-12-2025 21:03:57 INFO  TC_03_Login_DataDrivenTest:17 - *** Starting TC_02_Login ***
01-12-2025 21:03:57 INFO  TC_03_Login_DataDrivenTest:22 - Clicked on MyAccount
01-12-2025 21:03:58 INFO  TC_03_Login_DataDrivenTest:25 - Clicked on Login
01-12-2025 21:04:03 INFO  TC_03_Login_DataDrivenTest:33 - Page Scrolled
01-12-2025 21:04:37 INFO  TC_03_Login_DataDrivenTest:17 - *** Starting TC_02_Login ***
01-12-2025 21:04:38 INFO  TC_03_Login_DataDrivenTest:17 - *** Starting TC_02_Login ***
01-12-2025 21:04:38 INFO  TC_03_Login_DataDrivenTest:22 - Clicked on MyAccount
01-12-2025 21:04:38 INFO  TC_03_Login_DataDrivenTest:25 - Clicked on Login
01-12-2025 21:04:41 INFO  TC_03_Login_DataDrivenTest:33 - Page Scrolled
01-12-2025 21:05:15 INFO  TC_03_Login_DataDrivenTest:17 - *** Starting TC_02_Login ***
01-12-2025 21:12:58 INFO  TC_03_Login_DataDrivenTest:17 - *** Starting TC_02_Login ***
01-12-2025 21:12:58 INFO  TC_03_Login_DataDrivenTest:22 - Clicked on MyAccount
01-12-2025 21:12:59 INFO  TC_03_Login_DataDrivenTest:25 - Clicked on Login
01-12-2025 21:13:03 INFO  TC_03_Login_DataDrivenTest:33 - Page Scrolled
01-12-2025 21:13:38 INFO  TC_03_Login_DataDrivenTest:17 - *** Starting TC_02_Login ***
01-12-2025 21:13:39 INFO  TC_03_Login_DataDrivenTest:17 - *** Starting TC_02_Login ***
01-12-2025 21:13:39 INFO  TC_03_Login_DataDrivenTest:22 - Clicked on MyAccount
01-12-2025 21:13:40 INFO  TC_03_Login_DataDrivenTest:25 - Clicked on Login
01-12-2025 21:13:43 INFO  TC_03_Login_DataDrivenTest:33 - Page Scrolled
01-12-2025 21:14:16 INFO  TC_03_Login_DataDrivenTest:17 - *** Starting TC_02_Login ***
01-12-2025 22:21:33 INFO  TC_03_Login_DataDrivenTest:17 - *** Starting TC_02_Login ***
01-12-2025 22:21:36 INFO  TC_03_Login_DataDrivenTest:22 - Clicked on MyAccount
01-12-2025 22:21:37 INFO  TC_03_Login_DataDrivenTest:25 - Clicked on Login
01-12-2025 22:21:41 INFO  TC_03_Login_DataDrivenTest:33 - Page Scrolled
01-12-2025 22:22:18 INFO  TC_03_Login_DataDrivenTest:17 - *** Starting TC_02_Login ***
01-12-2025 22:22:19 INFO  TC_03_Login_DataDrivenTest:17 - *** Starting TC_02_Login ***
01-12-2025 22:22:19 INFO  TC_03_Login_DataDrivenTest:22 - Clicked on MyAccount
01-12-2025 22:22:19 INFO  TC_03_Login_DataDrivenTest:25 - Clicked on Login
01-12-2025 22:22:23 INFO  TC_03_Login_DataDrivenTest:33 - Page Scrolled
01-12-2025 22:22:57 INFO  TC_03_Login_DataDrivenTest:17 - *** Starting TC_02_Login ***
01-12-2025 22:22:57 INFO  TC_03_Login_DataDrivenTest:22 - Clicked on MyAccount
01-12-2025 22:22:57 INFO  TC_03_Login_DataDrivenTest:25 - Clicked on Login
01-12-2025 22:23:01 INFO  TC_03_Login_DataDrivenTest:33 - Page Scrolled
01-12-2025 22:38:06 INFO  TC_01_AccountRegistration:24 - *** Starting TC_01_AccountRegistration ***
01-12-2025 22:38:06 INFO  TC_01_AccountRegistration:29 - Clicked on MyAccount
01-12-2025 22:38:07 INFO  TC_01_AccountRegistration:32 - Clicked on Register
01-12-2025 22:38:09 INFO  TC_01_AccountRegistration:41 - Page Scrolled
01-12-2025 22:38:15 INFO  TC_01_AccountRegistration:50 - Validating account created text
01-12-2025 22:38:16 INFO  TC_01_AccountRegistration:54 - Test Case Passed
01-12-2025 22:38:27 INFO  TC_02_Login:16 - *** Starting TC_02_Login ***
01-12-2025 22:38:27 INFO  TC_02_Login:20 - Clicked on MyAccount
01-12-2025 22:38:27 INFO  TC_02_Login:23 - Clicked on Login
01-12-2025 22:38:31 INFO  TC_02_Login:31 - Page Scrolled
01-12-2025 22:38:34 INFO  TC_02_Login:38 - Validating My Account text
01-12-2025 22:38:34 INFO  TC_02_Login:42 - Test Case Passed
01-12-2025 22:42:40 INFO  TC_03_Login_DataDrivenTest:17 - *** Starting TC_02_Login ***
01-12-2025 22:42:40 INFO  TC_03_Login_DataDrivenTest:22 - Clicked on MyAccount
01-12-2025 22:42:40 INFO  TC_03_Login_DataDrivenTest:25 - Clicked on Login
01-12-2025 22:42:43 INFO  TC_03_Login_DataDrivenTest:33 - Page Scrolled
01-12-2025 22:43:17 INFO  TC_03_Login_DataDrivenTest:17 - *** Starting TC_02_Login ***
01-12-2025 22:43:17 INFO  TC_03_Login_DataDrivenTest:22 - Clicked on MyAccount
01-12-2025 22:43:17 INFO  TC_03_Login_DataDrivenTest:25 - Clicked on Login
01-12-2025 22:43:20 INFO  TC_03_Login_DataDrivenTest:33 - Page Scrolled
01-12-2025 22:43:53 INFO  TC_03_Login_DataDrivenTest:17 - *** Starting TC_02_Login ***
01-12-2025 22:43:54 INFO  TC_03_Login_DataDrivenTest:22 - Clicked on MyAccount
01-12-2025 22:43:54 INFO  TC_03_Login_DataDrivenTest:25 - Clicked on Login
01-12-2025 22:43:57 INFO  TC_03_Login_DataDrivenTest:33 - Page Scrolled
01-12-2025 22:44:30 INFO  TC_03_Login_DataDrivenTest:17 - *** Starting TC_02_Login ***
01-12-2025 22:44:30 INFO  TC_03_Login_DataDrivenTest:22 - Clicked on MyAccount
01-12-2025 22:44:31 INFO  TC_03_Login_DataDrivenTest:25 - Clicked on Login
01-12-2025 22:44:34 INFO  TC_03_Login_DataDrivenTest:33 - Page Scrolled
01-12-2025 22:52:39 INFO  TC_03_Login_DataDrivenTest:17 - *** Starting TC_02_Login ***
01-12-2025 22:52:39 INFO  TC_03_Login_DataDrivenTest:22 - Clicked on MyAccount
01-12-2025 22:52:39 INFO  TC_03_Login_DataDrivenTest:25 - Clicked on Login
01-12-2025 22:52:43 INFO  TC_03_Login_DataDrivenTest:33 - Page Scrolled
01-12-2025 22:52:46 INFO  TC_03_Login_DataDrivenTest:68 - Test Case Passed
01-12-2025 22:52:46 INFO  TC_03_Login_DataDrivenTest:17 - *** Starting TC_02_Login ***
01-12-2025 22:52:47 INFO  TC_03_Login_DataDrivenTest:17 - *** Starting TC_02_Login ***
01-12-2025 22:52:48 INFO  TC_03_Login_DataDrivenTest:17 - *** Starting TC_02_Login ***
01-12-2025 22:54:18 INFO  TC_03_Login_DataDrivenTest:17 - *** Starting TC_02_Login ***
01-12-2025 22:54:18 INFO  TC_03_Login_DataDrivenTest:22 - Clicked on MyAccount
01-12-2025 22:54:19 INFO  TC_03_Login_DataDrivenTest:25 - Clicked on Login
01-12-2025 22:54:22 INFO  TC_03_Login_DataDrivenTest:33 - Page Scrolled
01-12-2025 22:54:25 INFO  TC_03_Login_DataDrivenTest:68 - Test Case Passed
01-12-2025 22:54:25 INFO  TC_03_Login_DataDrivenTest:17 - *** Starting TC_02_Login ***
01-12-2025 22:54:26 INFO  TC_03_Login_DataDrivenTest:17 - *** Starting TC_02_Login ***
01-12-2025 22:54:27 INFO  TC_03_Login_DataDrivenTest:17 - *** Starting TC_02_Login ***
01-13-2025 11:36:51 INFO  TC_03_Login_DataDrivenTest:17 - *** Starting TC_02_Login ***
01-13-2025 11:36:51 INFO  TC_03_Login_DataDrivenTest:22 - Clicked on MyAccount
01-13-2025 11:36:52 INFO  TC_03_Login_DataDrivenTest:25 - Clicked on Login
01-13-2025 11:36:56 INFO  TC_03_Login_DataDrivenTest:33 - Page Scrolled
01-13-2025 11:37:31 INFO  TC_03_Login_DataDrivenTest:17 - *** Starting TC_02_Login ***
01-13-2025 11:37:31 INFO  TC_03_Login_DataDrivenTest:22 - Clicked on MyAccount
01-13-2025 11:37:31 INFO  TC_03_Login_DataDrivenTest:25 - Clicked on Login
01-13-2025 11:37:35 INFO  TC_03_Login_DataDrivenTest:33 - Page Scrolled
01-13-2025 11:38:08 INFO  TC_03_Login_DataDrivenTest:17 - *** Starting TC_02_Login ***
01-13-2025 11:38:08 INFO  TC_03_Login_DataDrivenTest:22 - Clicked on MyAccount
01-13-2025 11:38:09 INFO  TC_03_Login_DataDrivenTest:25 - Clicked on Login
01-13-2025 11:38:12 INFO  TC_03_Login_DataDrivenTest:33 - Page Scrolled
01-13-2025 11:38:45 INFO  TC_03_Login_DataDrivenTest:17 - *** Starting TC_02_Login ***
01-13-2025 11:38:45 INFO  TC_03_Login_DataDrivenTest:22 - Clicked on MyAccount
01-13-2025 11:38:45 INFO  TC_03_Login_DataDrivenTest:25 - Clicked on Login
01-13-2025 11:38:49 INFO  TC_03_Login_DataDrivenTest:33 - Page Scrolled
01-13-2025 19:36:12 INFO  TC_03_Login_DataDrivenTest:17 - *** Starting TC_02_Login ***
01-13-2025 19:36:14 INFO  TC_03_Login_DataDrivenTest:22 - Clicked on MyAccount
01-13-2025 19:36:14 INFO  TC_03_Login_DataDrivenTest:25 - Clicked on Login
01-13-2025 19:36:18 INFO  TC_03_Login_DataDrivenTest:33 - Page Scrolled
01-13-2025 19:36:52 INFO  TC_03_Login_DataDrivenTest:17 - *** Starting TC_02_Login ***
01-13-2025 19:36:53 INFO  TC_03_Login_DataDrivenTest:17 - *** Starting TC_02_Login ***
01-13-2025 19:36:53 INFO  TC_03_Login_DataDrivenTest:22 - Clicked on MyAccount
01-13-2025 19:36:54 INFO  TC_03_Login_DataDrivenTest:25 - Clicked on Login
01-13-2025 19:36:57 INFO  TC_03_Login_DataDrivenTest:33 - Page Scrolled
01-13-2025 19:37:30 INFO  TC_03_Login_DataDrivenTest:17 - *** Starting TC_02_Login ***
01-13-2025 19:37:30 INFO  TC_03_Login_DataDrivenTest:22 - Clicked on MyAccount
01-13-2025 19:37:30 INFO  TC_03_Login_DataDrivenTest:25 - Clicked on Login
01-13-2025 19:37:34 INFO  TC_03_Login_DataDrivenTest:33 - Page Scrolled
01-13-2025 19:40:26 INFO  TC_03_Login_DataDrivenTest:17 - *** Starting TC_02_Login ***
01-13-2025 19:40:28 INFO  TC_03_Login_DataDrivenTest:22 - Clicked on MyAccount
01-13-2025 19:40:29 INFO  TC_03_Login_DataDrivenTest:25 - Clicked on Login
01-13-2025 19:40:34 INFO  TC_03_Login_DataDrivenTest:33 - Page Scrolled
01-13-2025 19:41:11 INFO  TC_03_Login_DataDrivenTest:17 - *** Starting TC_02_Login ***
01-13-2025 19:41:16 INFO  TC_03_Login_DataDrivenTest:17 - *** Starting TC_02_Login ***
01-13-2025 19:41:16 INFO  TC_03_Login_DataDrivenTest:22 - Clicked on MyAccount
01-13-2025 19:41:16 INFO  TC_03_Login_DataDrivenTest:25 - Clicked on Login
01-13-2025 19:41:19 INFO  TC_03_Login_DataDrivenTest:33 - Page Scrolled
01-13-2025 19:41:53 INFO  TC_03_Login_DataDrivenTest:17 - *** Starting TC_02_Login ***
01-13-2025 19:52:47 INFO  TC_03_Login_DataDrivenTest:17 - *** Starting TC_02_Login ***
01-13-2025 19:52:47 INFO  TC_03_Login_DataDrivenTest:22 - Clicked on MyAccount
01-13-2025 19:52:47 INFO  TC_03_Login_DataDrivenTest:25 - Clicked on Login
01-13-2025 19:52:51 INFO  TC_03_Login_DataDrivenTest:33 - Page Scrolled
01-13-2025 19:52:54 INFO  TC_03_Login_DataDrivenTest:46 - Test Case Passed
01-13-2025 19:52:56 INFO  TC_03_Login_DataDrivenTest:17 - *** Starting TC_02_Login ***
01-13-2025 19:52:57 INFO  TC_03_Login_DataDrivenTest:17 - *** Starting TC_02_Login ***
01-13-2025 19:52:57 INFO  TC_03_Login_DataDrivenTest:22 - Clicked on MyAccount
01-13-2025 19:53:54 INFO  TC_03_Login_DataDrivenTest:17 - *** Starting TC_02_Login ***
01-13-2025 19:53:54 INFO  TC_03_Login_DataDrivenTest:22 - Clicked on MyAccount
01-13-2025 19:53:54 INFO  TC_03_Login_DataDrivenTest:25 - Clicked on Login
01-13-2025 19:53:58 INFO  TC_03_Login_DataDrivenTest:33 - Page Scrolled
01-13-2025 19:59:36 INFO  TC_03_Login_DataDrivenTest:17 - *** Starting TC_02_Login ***
01-13-2025 19:59:36 INFO  TC_03_Login_DataDrivenTest:22 - Clicked on MyAccount
01-13-2025 19:59:36 INFO  TC_03_Login_DataDrivenTest:25 - Clicked on Login
01-13-2025 19:59:39 INFO  TC_03_Login_DataDrivenTest:33 - Page Scrolled
01-13-2025 19:59:43 INFO  TC_03_Login_DataDrivenTest:46 - Test Case Passed
01-13-2025 19:59:44 INFO  TC_03_Login_DataDrivenTest:17 - *** Starting TC_02_Login ***
01-13-2025 19:59:45 INFO  TC_03_Login_DataDrivenTest:17 - *** Starting TC_02_Login ***
01-13-2025 19:59:45 INFO  TC_03_Login_DataDrivenTest:22 - Clicked on MyAccount
01-13-2025 20:00:23 INFO  TC_03_Login_DataDrivenTest:17 - *** Starting TC_02_Login ***
01-13-2025 20:00:24 INFO  TC_03_Login_DataDrivenTest:22 - Clicked on MyAccount
01-13-2025 20:00:24 INFO  TC_03_Login_DataDrivenTest:25 - Clicked on Login
01-13-2025 20:00:27 INFO  TC_03_Login_DataDrivenTest:33 - Page Scrolled
01-13-2025 20:00:31 INFO  TC_03_Login_DataDrivenTest:46 - Test Case Passed
01-13-2025 20:00:32 INFO  TC_03_Login_DataDrivenTest:17 - *** Starting TC_02_Login ***
01-13-2025 20:00:33 INFO  TC_03_Login_DataDrivenTest:17 - *** Starting TC_02_Login ***
01-13-2025 20:00:33 INFO  TC_03_Login_DataDrivenTest:22 - Clicked on MyAccount
01-13-2025 20:01:05 INFO  TC_03_Login_DataDrivenTest:17 - *** Starting TC_02_Login ***
01-13-2025 20:01:05 INFO  TC_03_Login_DataDrivenTest:22 - Clicked on MyAccount
01-13-2025 20:01:06 INFO  TC_03_Login_DataDrivenTest:25 - Clicked on Login
01-13-2025 20:01:09 INFO  TC_03_Login_DataDrivenTest:33 - Page Scrolled
01-13-2025 20:01:12 INFO  TC_03_Login_DataDrivenTest:46 - Test Case Passed
01-13-2025 20:01:14 INFO  TC_03_Login_DataDrivenTest:17 - *** Starting TC_02_Login ***
01-13-2025 20:01:15 INFO  TC_03_Login_DataDrivenTest:17 - *** Starting TC_02_Login ***
01-13-2025 20:01:16 INFO  TC_03_Login_DataDrivenTest:17 - *** Starting TC_02_Login ***
01-13-2025 20:01:16 INFO  TC_03_Login_DataDrivenTest:22 - Clicked on MyAccount
01-13-2025 22:21:48 INFO  TC_03_Login_DataDrivenTest:17 - *** Starting TC_02_Login ***
01-13-2025 22:21:49 INFO  TC_03_Login_DataDrivenTest:22 - Clicked on MyAccount
01-13-2025 22:21:50 INFO  TC_03_Login_DataDrivenTest:25 - Clicked on Login
01-13-2025 22:21:54 INFO  TC_03_Login_DataDrivenTest:33 - Page Scrolled
01-13-2025 22:21:58 INFO  TC_03_Login_DataDrivenTest:46 - Test Case Passed
01-13-2025 22:21:59 INFO  TC_03_Login_DataDrivenTest:17 - *** Starting TC_02_Login ***
01-13-2025 22:22:00 INFO  TC_03_Login_DataDrivenTest:17 - *** Starting TC_02_Login ***
01-13-2025 22:22:00 INFO  TC_03_Login_DataDrivenTest:22 - Clicked on MyAccount
01-13-2025 22:22:30 INFO  TC_03_Login_DataDrivenTest:17 - *** Starting TC_02_Login ***
01-13-2025 22:22:30 INFO  TC_03_Login_DataDrivenTest:22 - Clicked on MyAccount
01-13-2025 22:43:15 INFO  TC_03_Login_DataDrivenTest:17 - *** Starting TC_02_Login ***
01-13-2025 22:43:15 INFO  TC_03_Login_DataDrivenTest:22 - Clicked on MyAccount
01-13-2025 22:43:16 INFO  TC_03_Login_DataDrivenTest:25 - Clicked on Login
01-13-2025 22:43:19 INFO  TC_03_Login_DataDrivenTest:33 - Page Scrolled
01-13-2025 22:43:23 INFO  TC_03_Login_DataDrivenTest:46 - Test Case Passed
01-13-2025 22:43:24 INFO  TC_03_Login_DataDrivenTest:17 - *** Starting TC_02_Login ***
01-13-2025 22:43:25 INFO  TC_03_Login_DataDrivenTest:17 - *** Starting TC_02_Login ***
01-13-2025 22:43:26 INFO  TC_03_Login_DataDrivenTest:22 - Clicked on MyAccount
01-13-2025 22:43:43 INFO  TC_03_Login_DataDrivenTest:17 - *** Starting TC_02_Login ***
01-13-2025 22:45:38 INFO  TC_03_Login_DataDrivenTest:17 - *** Starting TC_02_Login ***
01-13-2025 22:45:38 INFO  TC_03_Login_DataDrivenTest:22 - Clicked on MyAccount
01-13-2025 22:45:39 INFO  TC_03_Login_DataDrivenTest:25 - Clicked on Login
01-13-2025 22:45:43 INFO  TC_03_Login_DataDrivenTest:33 - Page Scrolled
01-13-2025 22:45:47 INFO  TC_03_Login_DataDrivenTest:46 - Test Case Passed
01-13-2025 22:45:47 INFO  TC_03_Login_DataDrivenTest:17 - *** Starting TC_02_Login ***
01-13-2025 22:45:47 INFO  TC_03_Login_DataDrivenTest:22 - Clicked on MyAccount
01-13-2025 22:46:17 INFO  TC_03_Login_DataDrivenTest:17 - *** Starting TC_02_Login ***
01-13-2025 22:46:17 INFO  TC_03_Login_DataDrivenTest:22 - Clicked on MyAccount
01-13-2025 22:46:25 INFO  TC_03_Login_DataDrivenTest:17 - *** Starting TC_02_Login ***
01-13-2025 22:58:59 INFO  TC_03_Login_DataDrivenTest:17 - *** Starting TC_02_Login ***
01-13-2025 22:59:00 INFO  TC_03_Login_DataDrivenTest:22 - Clicked on MyAccount
01-13-2025 22:59:01 INFO  TC_03_Login_DataDrivenTest:25 - Clicked on Login
01-13-2025 22:59:05 INFO  TC_03_Login_DataDrivenTest:33 - Page Scrolled
01-13-2025 22:59:09 INFO  TC_03_Login_DataDrivenTest:46 - Test Case Passed
01-13-2025 22:59:10 INFO  TC_03_Login_DataDrivenTest:17 - *** Starting TC_02_Login ***
01-13-2025 22:59:11 INFO  TC_03_Login_DataDrivenTest:17 - *** Starting TC_02_Login ***
01-13-2025 22:59:12 INFO  TC_03_Login_DataDrivenTest:22 - Clicked on MyAccount
01-13-2025 22:59:42 INFO  TC_03_Login_DataDrivenTest:17 - *** Starting TC_02_Login ***
01-13-2025 22:59:42 INFO  TC_03_Login_DataDrivenTest:22 - Clicked on MyAccount
01-13-2025 23:03:43 INFO  TC_03_Login_DataDrivenTest:17 - *** Starting TC_02_Login ***
01-13-2025 23:03:44 INFO  TC_03_Login_DataDrivenTest:22 - Clicked on MyAccount
01-13-2025 23:03:45 INFO  TC_03_Login_DataDrivenTest:25 - Clicked on Login
01-13-2025 23:03:49 INFO  TC_03_Login_DataDrivenTest:33 - Page Scrolled
01-13-2025 23:03:54 INFO  TC_03_Login_DataDrivenTest:17 - *** Starting TC_02_Login ***
01-13-2025 23:03:55 INFO  TC_03_Login_DataDrivenTest:17 - *** Starting TC_02_Login ***
01-13-2025 23:03:55 INFO  TC_03_Login_DataDrivenTest:22 - Clicked on MyAccount
01-13-2025 23:04:25 INFO  TC_03_Login_DataDrivenTest:17 - *** Starting TC_02_Login ***
01-13-2025 23:04:26 INFO  TC_03_Login_DataDrivenTest:22 - Clicked on MyAccount
01-13-2025 23:06:31 INFO  TC_03_Login_DataDrivenTest:17 - *** Starting TC_02_Login ***
01-13-2025 23:06:32 INFO  TC_03_Login_DataDrivenTest:22 - Clicked on MyAccount
01-13-2025 23:06:33 INFO  TC_03_Login_DataDrivenTest:25 - Clicked on Login
01-13-2025 23:06:37 INFO  TC_03_Login_DataDrivenTest:33 - Page Scrolled
01-13-2025 23:06:41 INFO  TC_03_Login_DataDrivenTest:47 - Test Case Passed
01-13-2025 23:06:41 INFO  TC_03_Login_DataDrivenTest:17 - *** Starting TC_02_Login ***
01-13-2025 23:06:42 INFO  TC_03_Login_DataDrivenTest:17 - *** Starting TC_02_Login ***
01-13-2025 23:06:43 INFO  TC_03_Login_DataDrivenTest:22 - Clicked on MyAccount
01-13-2025 23:07:13 INFO  TC_03_Login_DataDrivenTest:17 - *** Starting TC_02_Login ***
01-13-2025 23:07:13 INFO  TC_03_Login_DataDrivenTest:22 - Clicked on MyAccount
01-13-2025 23:11:35 INFO  TC_03_Login_DataDrivenTest:17 - *** Starting TC_02_Login ***
01-13-2025 23:11:36 INFO  TC_03_Login_DataDrivenTest:22 - Clicked on MyAccount
01-13-2025 23:11:36 INFO  TC_03_Login_DataDrivenTest:25 - Clicked on Login
01-13-2025 23:11:41 INFO  TC_03_Login_DataDrivenTest:33 - Page Scrolled
01-13-2025 23:11:50 INFO  TC_03_Login_DataDrivenTest:17 - *** Starting TC_02_Login ***
01-13-2025 23:11:51 INFO  TC_03_Login_DataDrivenTest:17 - *** Starting TC_02_Login ***
01-13-2025 23:11:51 INFO  TC_03_Login_DataDrivenTest:22 - Clicked on MyAccount
01-13-2025 23:11:58 INFO  TC_03_Login_DataDrivenTest:17 - *** Starting TC_02_Login ***
01-13-2025 23:13:03 INFO  TC_03_Login_DataDrivenTest:17 - *** Starting TC_02_Login ***
01-13-2025 23:13:04 INFO  TC_03_Login_DataDrivenTest:22 - Clicked on MyAccount
01-13-2025 23:13:04 INFO  TC_03_Login_DataDrivenTest:25 - Clicked on Login
01-13-2025 23:13:07 INFO  TC_03_Login_DataDrivenTest:33 - Page Scrolled
01-13-2025 23:13:15 INFO  TC_03_Login_DataDrivenTest:49 - Test Case Passed
01-13-2025 23:13:15 INFO  TC_03_Login_DataDrivenTest:17 - *** Starting TC_02_Login ***
01-13-2025 23:13:15 INFO  TC_03_Login_DataDrivenTest:22 - Clicked on MyAccount
01-13-2025 23:13:15 INFO  TC_03_Login_DataDrivenTest:25 - Clicked on Login
01-13-2025 23:13:18 INFO  TC_03_Login_DataDrivenTest:33 - Page Scrolled
01-13-2025 23:13:45 INFO  TC_03_Login_DataDrivenTest:72 - Test Case Passed
01-13-2025 23:13:45 INFO  TC_03_Login_DataDrivenTest:17 - *** Starting TC_02_Login ***
01-13-2025 23:13:45 INFO  TC_03_Login_DataDrivenTest:17 - *** Starting TC_02_Login ***
01-13-2025 23:14:37 INFO  TC_03_Login_DataDrivenTest:17 - *** Starting TC_02_Login ***
01-13-2025 23:14:38 INFO  TC_03_Login_DataDrivenTest:22 - Clicked on MyAccount
01-13-2025 23:14:39 INFO  TC_03_Login_DataDrivenTest:25 - Clicked on Login
01-13-2025 23:14:43 INFO  TC_03_Login_DataDrivenTest:33 - Page Scrolled
01-13-2025 23:14:52 INFO  TC_03_Login_DataDrivenTest:17 - *** Starting TC_02_Login ***
01-13-2025 23:14:53 INFO  TC_03_Login_DataDrivenTest:17 - *** Starting TC_02_Login ***
01-13-2025 23:14:53 INFO  TC_03_Login_DataDrivenTest:22 - Clicked on MyAccount
01-13-2025 23:15:12 INFO  TC_03_Login_DataDrivenTest:17 - *** Starting TC_02_Login ***
01-13-2025 23:16:27 INFO  TC_03_Login_DataDrivenTest:17 - *** Starting TC_02_Login ***
01-13-2025 23:16:27 INFO  TC_03_Login_DataDrivenTest:22 - Clicked on MyAccount
01-13-2025 23:16:27 INFO  TC_03_Login_DataDrivenTest:25 - Clicked on Login
01-13-2025 23:16:31 INFO  TC_03_Login_DataDrivenTest:33 - Page Scrolled
01-13-2025 23:16:41 INFO  TC_03_Login_DataDrivenTest:17 - *** Starting TC_02_Login ***
01-13-2025 23:16:42 INFO  TC_03_Login_DataDrivenTest:17 - *** Starting TC_02_Login ***
01-13-2025 23:16:42 INFO  TC_03_Login_DataDrivenTest:22 - Clicked on MyAccount
01-13-2025 23:17:12 INFO  TC_03_Login_DataDrivenTest:17 - *** Starting TC_02_Login ***
01-13-2025 23:17:12 INFO  TC_03_Login_DataDrivenTest:22 - Clicked on MyAccount
01-13-2025 23:26:12 INFO  TC_03_Login_DataDrivenTest:17 - *** Starting TC_02_Login ***
01-13-2025 23:26:12 INFO  TC_03_Login_DataDrivenTest:22 - Clicked on MyAccount
01-13-2025 23:26:12 INFO  TC_03_Login_DataDrivenTest:25 - Clicked on Login
01-13-2025 23:26:16 INFO  TC_03_Login_DataDrivenTest:33 - Page Scrolled
01-13-2025 23:26:21 INFO  TC_03_Login_DataDrivenTest:48 - Test Case Passed
01-13-2025 23:26:21 INFO  TC_03_Login_DataDrivenTest:17 - *** Starting TC_02_Login ***
01-13-2025 23:26:21 INFO  TC_03_Login_DataDrivenTest:22 - Clicked on MyAccount
01-13-2025 23:26:21 INFO  TC_03_Login_DataDrivenTest:25 - Clicked on Login
01-13-2025 23:26:25 INFO  TC_03_Login_DataDrivenTest:33 - Page Scrolled
01-13-2025 23:26:58 INFO  TC_03_Login_DataDrivenTest:71 - Test Case Passed
01-13-2025 23:26:58 INFO  TC_03_Login_DataDrivenTest:17 - *** Starting TC_02_Login ***
01-13-2025 23:26:58 INFO  TC_03_Login_DataDrivenTest:22 - Clicked on MyAccount
01-13-2025 23:26:59 INFO  TC_03_Login_DataDrivenTest:25 - Clicked on Login
01-13-2025 23:27:02 INFO  TC_03_Login_DataDrivenTest:33 - Page Scrolled
01-13-2025 23:27:35 INFO  TC_03_Login_DataDrivenTest:71 - Test Case Passed
01-13-2025 23:27:35 INFO  TC_03_Login_DataDrivenTest:17 - *** Starting TC_02_Login ***
01-13-2025 23:27:35 INFO  TC_03_Login_DataDrivenTest:22 - Clicked on MyAccount
01-13-2025 23:27:35 INFO  TC_03_Login_DataDrivenTest:25 - Clicked on Login
01-13-2025 23:27:39 INFO  TC_03_Login_DataDrivenTest:33 - Page Scrolled
01-13-2025 23:28:12 INFO  TC_03_Login_DataDrivenTest:71 - Test Case Passed
01-13-2025 23:34:30 INFO  TC_03_Login_DataDrivenTest:17 - *** Starting TC_02_Login ***
01-13-2025 23:34:30 INFO  TC_03_Login_DataDrivenTest:22 - Clicked on MyAccount
01-13-2025 23:34:31 INFO  TC_03_Login_DataDrivenTest:25 - Clicked on Login
01-13-2025 23:34:35 INFO  TC_03_Login_DataDrivenTest:43 - Test Case Passed
01-13-2025 23:34:35 INFO  TC_03_Login_DataDrivenTest:17 - *** Starting TC_02_Login ***
01-13-2025 23:34:35 INFO  TC_03_Login_DataDrivenTest:22 - Clicked on MyAccount
01-13-2025 23:34:35 INFO  TC_03_Login_DataDrivenTest:25 - Clicked on Login
01-13-2025 23:35:09 INFO  TC_03_Login_DataDrivenTest:66 - Test Case Passed
01-13-2025 23:35:09 INFO  TC_03_Login_DataDrivenTest:17 - *** Starting TC_02_Login ***
01-13-2025 23:35:09 INFO  TC_03_Login_DataDrivenTest:22 - Clicked on MyAccount
01-13-2025 23:35:10 INFO  TC_03_Login_DataDrivenTest:25 - Clicked on Login
01-13-2025 23:35:44 INFO  TC_03_Login_DataDrivenTest:66 - Test Case Passed
01-13-2025 23:35:44 INFO  TC_03_Login_DataDrivenTest:17 - *** Starting TC_02_Login ***
01-13-2025 23:35:44 INFO  TC_03_Login_DataDrivenTest:22 - Clicked on MyAccount
01-13-2025 23:35:44 INFO  TC_03_Login_DataDrivenTest:25 - Clicked on Login
01-13-2025 23:36:17 INFO  TC_03_Login_DataDrivenTest:66 - Test Case Passed
01-14-2025 10:47:09 INFO  TC_03_Login_DataDrivenTest:17 - *** Starting TC_02_Login ***
01-14-2025 10:47:10 INFO  TC_03_Login_DataDrivenTest:22 - Clicked on MyAccount
01-14-2025 10:47:11 INFO  TC_03_Login_DataDrivenTest:25 - Clicked on Login
01-14-2025 10:47:16 INFO  TC_03_Login_DataDrivenTest:49 - Test Case Passed
01-14-2025 10:47:17 INFO  TC_03_Login_DataDrivenTest:17 - *** Starting TC_02_Login ***
01-14-2025 10:47:17 INFO  TC_03_Login_DataDrivenTest:22 - Clicked on MyAccount
01-14-2025 10:47:17 INFO  TC_03_Login_DataDrivenTest:25 - Clicked on Login
01-14-2025 10:47:51 INFO  TC_03_Login_DataDrivenTest:71 - Test Case Passed
01-14-2025 10:47:51 INFO  TC_03_Login_DataDrivenTest:17 - *** Starting TC_02_Login ***
01-14-2025 10:47:51 INFO  TC_03_Login_DataDrivenTest:22 - Clicked on MyAccount
01-14-2025 10:47:52 INFO  TC_03_Login_DataDrivenTest:25 - Clicked on Login
01-14-2025 10:48:25 INFO  TC_03_Login_DataDrivenTest:71 - Test Case Passed
01-14-2025 10:48:25 INFO  TC_03_Login_DataDrivenTest:17 - *** Starting TC_02_Login ***
01-14-2025 10:48:25 INFO  TC_03_Login_DataDrivenTest:22 - Clicked on MyAccount
01-14-2025 10:48:25 INFO  TC_03_Login_DataDrivenTest:25 - Clicked on Login
01-14-2025 10:48:59 INFO  TC_03_Login_DataDrivenTest:71 - Test Case Passed
01-14-2025 11:56:17 INFO  TC_01_AccountRegistration:24 - *** Starting TC_01_AccountRegistration ***
01-14-2025 11:56:17 INFO  TC_01_AccountRegistration:29 - Clicked on MyAccount
01-14-2025 11:56:18 INFO  TC_01_AccountRegistration:32 - Clicked on Register
01-14-2025 11:56:20 INFO  TC_01_AccountRegistration:41 - Page Scrolled
01-14-2025 11:56:24 INFO  TC_01_AccountRegistration:50 - Validating account created text
01-14-2025 11:56:26 INFO  TC_01_AccountRegistration:54 - Test Case Passed
01-14-2025 11:56:38 INFO  TC_02_Login:16 - *** Starting TC_02_Login ***
01-14-2025 11:56:38 INFO  TC_02_Login:20 - Clicked on MyAccount
01-14-2025 11:56:38 INFO  TC_02_Login:23 - Clicked on Login
01-14-2025 11:56:42 INFO  TC_02_Login:31 - Page Scrolled
01-14-2025 11:56:45 INFO  TC_02_Login:38 - Validating My Account text
01-14-2025 11:56:45 INFO  TC_02_Login:42 - Test Case Passed
01-14-2025 11:57:03 INFO  TC_03_Login_DataDrivenTest:17 - *** Starting TC_02_Login ***
01-14-2025 11:57:03 INFO  TC_03_Login_DataDrivenTest:22 - Clicked on MyAccount
01-14-2025 11:57:03 INFO  TC_03_Login_DataDrivenTest:25 - Clicked on Login
01-14-2025 11:57:07 INFO  TC_03_Login_DataDrivenTest:49 - Test Case Passed
01-14-2025 11:57:07 INFO  TC_03_Login_DataDrivenTest:17 - *** Starting TC_02_Login ***
01-14-2025 11:57:08 INFO  TC_03_Login_DataDrivenTest:22 - Clicked on MyAccount
01-14-2025 11:57:08 INFO  TC_03_Login_DataDrivenTest:25 - Clicked on Login
01-14-2025 11:57:41 INFO  TC_03_Login_DataDrivenTest:71 - Test Case Passed
01-14-2025 11:57:41 INFO  TC_03_Login_DataDrivenTest:17 - *** Starting TC_02_Login ***
01-14-2025 11:57:41 INFO  TC_03_Login_DataDrivenTest:22 - Clicked on MyAccount
01-14-2025 11:57:42 INFO  TC_03_Login_DataDrivenTest:25 - Clicked on Login
01-14-2025 11:58:15 INFO  TC_03_Login_DataDrivenTest:71 - Test Case Passed
01-14-2025 11:58:15 INFO  TC_03_Login_DataDrivenTest:17 - *** Starting TC_02_Login ***
01-14-2025 11:58:15 INFO  TC_03_Login_DataDrivenTest:22 - Clicked on MyAccount
01-14-2025 11:58:16 INFO  TC_03_Login_DataDrivenTest:25 - Clicked on Login
01-14-2025 11:58:49 INFO  TC_03_Login_DataDrivenTest:71 - Test Case Passed
01-14-2025 15:29:07 INFO  TC_01_AccountRegistration:24 - *** Starting TC_01_AccountRegistration ***
01-14-2025 15:29:08 INFO  TC_01_AccountRegistration:29 - Clicked on MyAccount
01-14-2025 15:29:09 INFO  TC_01_AccountRegistration:32 - Clicked on Register
01-14-2025 15:29:11 INFO  TC_01_AccountRegistration:41 - Page Scrolled
01-14-2025 15:29:14 INFO  TC_01_AccountRegistration:50 - Validating account created text
01-14-2025 15:29:17 INFO  TC_01_AccountRegistration:54 - Test Case Passed
01-14-2025 15:29:35 INFO  TC_02_Login:16 - *** Starting TC_02_Login ***
01-14-2025 15:29:35 INFO  TC_02_Login:20 - Clicked on MyAccount
01-14-2025 15:29:36 INFO  TC_02_Login:23 - Clicked on Login
01-14-2025 15:29:40 INFO  TC_02_Login:31 - Page Scrolled
01-14-2025 15:29:43 INFO  TC_02_Login:38 - Validating My Account text
01-14-2025 15:29:43 INFO  TC_02_Login:42 - Test Case Passed
01-14-2025 15:35:20 INFO  TC_01_AccountRegistration:24 - *** Starting TC_01_AccountRegistration ***
01-14-2025 15:35:21 INFO  TC_01_AccountRegistration:29 - Clicked on MyAccount
01-14-2025 15:35:21 INFO  TC_01_AccountRegistration:32 - Clicked on Register
01-14-2025 15:35:23 INFO  TC_01_AccountRegistration:41 - Page Scrolled
01-14-2025 15:35:29 INFO  TC_01_AccountRegistration:50 - Validating account created text
01-14-2025 15:35:30 INFO  TC_01_AccountRegistration:54 - Test Case Passed
01-14-2025 15:35:41 INFO  TC_02_Login:16 - *** Starting TC_02_Login ***
01-14-2025 15:35:41 INFO  TC_02_Login:20 - Clicked on MyAccount
01-14-2025 15:35:42 INFO  TC_02_Login:23 - Clicked on Login
01-14-2025 15:35:45 INFO  TC_02_Login:31 - Page Scrolled
01-14-2025 15:35:48 INFO  TC_02_Login:38 - Validating My Account text
01-14-2025 15:35:49 INFO  TC_02_Login:42 - Test Case Passed
01-18-2025 15:20:50 INFO  TC_01_AccountRegistration:24 - *** Starting TC_01_AccountRegistration ***
01-18-2025 15:20:52 INFO  TC_01_AccountRegistration:29 - Clicked on MyAccount
01-18-2025 15:20:53 INFO  TC_01_AccountRegistration:32 - Clicked on Register
01-18-2025 15:20:57 INFO  TC_01_AccountRegistration:41 - Page Scrolled
01-18-2025 15:21:01 INFO  TC_01_AccountRegistration:50 - Validating account created text
01-18-2025 15:21:04 INFO  TC_01_AccountRegistration:54 - Test Case Passed
01-18-2025 15:21:30 INFO  TC_02_Login:16 - *** Starting TC_02_Login ***
01-18-2025 15:21:31 INFO  TC_02_Login:20 - Clicked on MyAccount
01-18-2025 15:21:31 INFO  TC_02_Login:23 - Clicked on Login
01-18-2025 15:21:38 INFO  TC_02_Login:31 - Page Scrolled
01-18-2025 15:21:41 INFO  TC_02_Login:38 - Validating My Account text
01-18-2025 15:21:42 INFO  TC_02_Login:42 - Test Case Passed
01-18-2025 15:31:36 INFO  TC_02_Login:16 - *** Starting TC_02_Login ***
01-18-2025 15:31:39 INFO  TC_02_Login:16 - *** Starting TC_02_Login ***
01-18-2025 15:31:39 INFO  TC_02_Login:16 - *** Starting TC_02_Login ***
01-18-2025 15:31:39 INFO  TC_02_Login:16 - *** Starting TC_02_Login ***
01-18-2025 15:34:00 INFO  TC_01_AccountRegistration:24 - *** Starting TC_01_AccountRegistration ***
01-18-2025 15:34:00 INFO  TC_01_AccountRegistration:29 - Clicked on MyAccount
01-18-2025 15:34:01 INFO  TC_01_AccountRegistration:32 - Clicked on Register
01-18-2025 15:34:04 INFO  TC_01_AccountRegistration:41 - Page Scrolled
01-18-2025 15:34:08 INFO  TC_01_AccountRegistration:50 - Validating account created text
01-18-2025 15:34:10 INFO  TC_01_AccountRegistration:24 - *** Starting TC_01_AccountRegistration ***
01-18-2025 15:34:10 INFO  TC_01_AccountRegistration:29 - Clicked on MyAccount
01-18-2025 15:34:40 INFO  TC_01_AccountRegistration:24 - *** Starting TC_01_AccountRegistration ***
01-18-2025 15:34:40 INFO  TC_01_AccountRegistration:29 - Clicked on MyAccount
01-18-2025 15:35:10 INFO  TC_01_AccountRegistration:24 - *** Starting TC_01_AccountRegistration ***
01-18-2025 15:35:11 INFO  TC_01_AccountRegistration:29 - Clicked on MyAccount
01-18-2025 15:35:55 INFO  TC_02_Login:16 - *** Starting TC_02_Login ***
01-18-2025 15:35:55 INFO  TC_02_Login:20 - Clicked on MyAccount
01-18-2025 15:35:56 INFO  TC_02_Login:23 - Clicked on Login
01-18-2025 15:35:59 INFO  TC_02_Login:31 - Page Scrolled
01-18-2025 15:36:02 INFO  TC_02_Login:38 - Validating My Account text
01-18-2025 15:36:03 INFO  TC_02_Login:42 - Test Case Passed
01-18-2025 15:50:13 INFO  TC_01_AccountRegistration:24 - *** Starting TC_01_AccountRegistration ***
01-18-2025 15:50:15 INFO  TC_01_AccountRegistration:29 - Clicked on MyAccount
01-18-2025 15:50:16 INFO  TC_01_AccountRegistration:32 - Clicked on Register
01-18-2025 15:50:19 INFO  TC_01_AccountRegistration:41 - Page Scrolled
01-18-2025 15:50:31 INFO  TC_01_AccountRegistration:50 - Validating account created text
01-18-2025 15:50:33 INFO  TC_01_AccountRegistration:54 - Test Case Passed
01-18-2025 16:32:32 INFO  TC_01_AccountRegistration:24 - *** Starting TC_01_AccountRegistration ***
01-18-2025 16:32:34 INFO  TC_01_AccountRegistration:29 - Clicked on MyAccount
01-18-2025 16:32:35 INFO  TC_01_AccountRegistration:32 - Clicked on Register
01-18-2025 16:32:38 INFO  TC_01_AccountRegistration:41 - Page Scrolled
01-18-2025 16:32:44 INFO  TC_01_AccountRegistration:50 - Validating account created text
01-18-2025 16:32:47 INFO  TC_01_AccountRegistration:54 - Test Case Passed
01-18-2025 16:33:30 INFO  TC_02_Login:16 - *** Starting TC_02_Login ***
01-18-2025 16:33:30 INFO  TC_02_Login:20 - Clicked on MyAccount
01-18-2025 16:33:33 INFO  TC_02_Login:23 - Clicked on Login
01-18-2025 16:33:37 INFO  TC_02_Login:31 - Page Scrolled
01-18-2025 16:33:40 INFO  TC_02_Login:38 - Validating My Account text
01-18-2025 16:33:40 INFO  TC_02_Login:42 - Test Case Passed
01-18-2025 16:34:34 INFO  TC_03_Login_DataDrivenTest:17 - *** Starting TC_02_Login ***
01-18-2025 16:34:35 INFO  TC_03_Login_DataDrivenTest:22 - Clicked on MyAccount
01-18-2025 16:34:35 INFO  TC_03_Login_DataDrivenTest:25 - Clicked on Login
01-18-2025 16:34:39 INFO  TC_03_Login_DataDrivenTest:49 - Test Case Passed
01-18-2025 16:34:39 INFO  TC_03_Login_DataDrivenTest:17 - *** Starting TC_02_Login ***
01-18-2025 16:34:40 INFO  TC_03_Login_DataDrivenTest:22 - Clicked on MyAccount
01-18-2025 16:34:40 INFO  TC_03_Login_DataDrivenTest:25 - Clicked on Login
01-18-2025 16:35:13 INFO  TC_03_Login_DataDrivenTest:71 - Test Case Passed
01-18-2025 16:35:13 INFO  TC_03_Login_DataDrivenTest:17 - *** Starting TC_02_Login ***
01-18-2025 16:35:14 INFO  TC_03_Login_DataDrivenTest:22 - Clicked on MyAccount
01-18-2025 16:35:14 INFO  TC_03_Login_DataDrivenTest:25 - Clicked on Login
01-18-2025 16:35:48 INFO  TC_03_Login_DataDrivenTest:71 - Test Case Passed
01-18-2025 16:35:48 INFO  TC_03_Login_DataDrivenTest:17 - *** Starting TC_02_Login ***
01-18-2025 16:35:48 INFO  TC_03_Login_DataDrivenTest:22 - Clicked on MyAccount
01-18-2025 16:35:48 INFO  TC_03_Login_DataDrivenTest:25 - Clicked on Login
01-18-2025 16:36:22 INFO  TC_03_Login_DataDrivenTest:71 - Test Case Passed
01-18-2025 19:14:57 INFO  TC_01_AccountRegistration:24 - *** Starting TC_01_AccountRegistration ***
01-18-2025 19:14:58 INFO  TC_01_AccountRegistration:29 - Clicked on MyAccount
01-18-2025 19:14:59 INFO  TC_01_AccountRegistration:32 - Clicked on Register
01-18-2025 19:15:01 INFO  TC_01_AccountRegistration:41 - Page Scrolled
01-18-2025 19:15:05 INFO  TC_01_AccountRegistration:50 - Validating account created text
01-18-2025 19:15:09 INFO  TC_01_AccountRegistration:54 - Test Case Passed
01-18-2025 19:15:22 INFO  TC_02_Login:16 - *** Starting TC_02_Login ***
01-18-2025 19:15:22 INFO  TC_02_Login:20 - Clicked on MyAccount
01-18-2025 19:15:23 INFO  TC_02_Login:23 - Clicked on Login
01-18-2025 19:15:26 INFO  TC_02_Login:31 - Page Scrolled
01-18-2025 19:15:29 INFO  TC_02_Login:38 - Validating My Account text
01-18-2025 19:15:30 INFO  TC_02_Login:42 - Test Case Passed
01-19-2025 12:20:10 INFO  TC_01_AccountRegistration:24 - *** Starting TC_01_AccountRegistration ***
01-19-2025 12:20:12 INFO  TC_01_AccountRegistration:29 - Clicked on MyAccount
01-19-2025 12:20:14 INFO  TC_01_AccountRegistration:32 - Clicked on Register
01-19-2025 12:20:17 INFO  TC_01_AccountRegistration:41 - Page Scrolled
01-19-2025 12:20:21 INFO  TC_01_AccountRegistration:50 - Validating account created text
01-19-2025 12:20:24 INFO  TC_01_AccountRegistration:54 - Test Case Passed
01-19-2025 12:20:40 INFO  TC_02_Login:16 - *** Starting TC_02_Login ***
01-19-2025 12:20:40 INFO  TC_02_Login:20 - Clicked on MyAccount
01-19-2025 12:20:41 INFO  TC_02_Login:23 - Clicked on Login
01-19-2025 12:20:45 INFO  TC_02_Login:31 - Page Scrolled
01-19-2025 12:20:49 INFO  TC_02_Login:38 - Validating My Account text
01-19-2025 12:20:49 INFO  TC_02_Login:42 - Test Case Passed
01-19-2025 12:21:05 INFO  TC_03_Login_DataDrivenTest:17 - *** Starting TC_02_Login ***
01-19-2025 12:21:05 INFO  TC_03_Login_DataDrivenTest:22 - Clicked on MyAccount
01-19-2025 12:21:06 INFO  TC_03_Login_DataDrivenTest:25 - Clicked on Login
01-19-2025 12:21:10 INFO  TC_03_Login_DataDrivenTest:49 - Test Case Passed
01-19-2025 12:21:10 INFO  TC_03_Login_DataDrivenTest:17 - *** Starting TC_02_Login ***
01-19-2025 12:21:11 INFO  TC_03_Login_DataDrivenTest:22 - Clicked on MyAccount
01-19-2025 12:21:11 INFO  TC_03_Login_DataDrivenTest:25 - Clicked on Login
01-19-2025 12:21:45 INFO  TC_03_Login_DataDrivenTest:71 - Test Case Passed
01-19-2025 12:21:45 INFO  TC_03_Login_DataDrivenTest:17 - *** Starting TC_02_Login ***
01-19-2025 12:21:45 INFO  TC_03_Login_DataDrivenTest:22 - Clicked on MyAccount
01-19-2025 12:21:45 INFO  TC_03_Login_DataDrivenTest:25 - Clicked on Login
01-19-2025 12:22:19 INFO  TC_03_Login_DataDrivenTest:71 - Test Case Passed
01-19-2025 12:22:19 INFO  TC_03_Login_DataDrivenTest:17 - *** Starting TC_02_Login ***
01-19-2025 12:22:19 INFO  TC_03_Login_DataDrivenTest:22 - Clicked on MyAccount
01-19-2025 12:22:19 INFO  TC_03_Login_DataDrivenTest:25 - Clicked on Login
01-19-2025 12:22:52 INFO  TC_03_Login_DataDrivenTest:71 - Test Case Passed
